2022-09-11 17:15:13,625 : Administrator admin was loged in the system!
2022-09-11 17:15:57,701 : Administrator admin was loged in the system!
2022-09-11 17:28:36,129 : Administrator admin was loged in the system!
2022-09-11 17:29:02,935 : Administrator admin was loged out the system!
2022-09-11 18:32:08,839 : Administrator admin was loged in the system!
2022-09-11 18:34:21,454 : Administrator admin was loged in the system!
2022-09-11 18:49:02,869 : Student 368643 was loged in the system!
2022-09-11 18:52:30,127 : Student 368643 was loged in the system!
2022-09-11 18:53:14,131 : Student 368643 was loged out the system!
2022-09-11 22:33:47,684 : Administrator admin was loged in the system!
2022-09-11 22:38:40,313 : Administrator admin was loged in the system!
2022-09-11 22:40:51,190 : Administrator admin was loged in the system!
2022-09-11 22:46:02,975 : Administrator admin was loged in the system!
2022-09-11 23:00:18,812 : Administrator admin was loged in the system!
2022-09-11 23:01:48,903 : Administrator admin was loged in the system!
2022-09-11 23:04:11,318 : Administrator admin was loged in the system!
2022-09-11 23:12:47,223 : Administrator admin was loged in the system!
2022-09-11 23:18:39,941 : Administrator admin was loged in the system!
2022-09-11 23:24:35,361 : Administrator admin was loged in the system!
2022-09-11 23:42:33,466 : Administrator admin was loged in the system!
2022-09-12 00:03:21,770 : Administrator admin was loged in the system!
2022-09-12 00:05:51,043 : Administrator admin was loged in the system!
2022-09-12 00:22:03,885 : Administrator admin was loged in the system!
2022-09-12 00:36:35,246 : Administrator admin was loged out the system!
2022-09-30 13:53:07,718 : Administrator admin was loged in the system!
2022-09-30 13:54:24,728 : Administrator admin was loged in the system!
2022-09-30 14:01:34,341 : Administrator admin was loged out the system!
2022-09-30 14:01:44,564 : Student 368643 was loged in the system!
2022-09-30 14:02:21,268 : Student 368643 was loged out the system!
2022-09-30 14:02:32,620 : Dean dean was loged in the system!
2022-09-30 14:02:46,711 : Dean dean was loged out the system!
2022-09-30 14:03:05,611 : Head_of_department head was loged in the system!
2022-09-30 14:03:18,187 : Head_of_department head was loged out the system!
2022-09-30 14:04:56,332 : Head_of_department* head2 was loged in the system!
2022-09-30 14:05:25,357 : Project_manager projectmanager was loged in the system!
2022-09-30 14:05:34,710 : Project_manager projectmanager was loged out the system!
2022-09-30 14:05:48,595 : Reviewer reviewer was loged in the system!
2022-09-30 14:06:34,789 : Reviewer reviewer was loged out the system!
2022-09-30 16:09:48,395 : Student 368643 was loged in the system!
2022-09-30 16:12:52,327 : Student 368643 was loged in the system!
2022-09-30 16:14:48,922 : Student 368643 was loged out the system!
2022-10-28 22:42:53,401 : Student 368643 was loged in the system!
2022-10-28 23:14:27,290 : Student 368643 was loged in the system!
2022-10-28 23:19:35,627 : Student 368643 was loged in the system!
2022-10-29 09:54:20,433 : Student 368643 was loged in the system!
2022-10-29 11:10:28,756 : Student 368643 was loged in the system!
2022-10-29 11:20:20,842 : Student 368643 was loged in the system!
2022-10-29 11:23:43,816 : Student 368643 was loged in the system!
2022-10-29 11:25:24,522 : Student 368643 was loged in the system!
2022-10-29 11:30:16,703 : Student 368643 was loged in the system!
2022-10-29 11:32:36,620 : Student 368643 was loged in the system!
2022-10-29 11:44:49,531 : Student 368643 was loged in the system!
2022-10-29 11:48:21,179 : Student 368643 was loged in the system!
2022-10-29 11:50:02,771 : Student 368643 was loged in the system!
2022-10-29 12:08:24,758 : Student 368643 was loged in the system!
2022-10-29 12:23:24,687 : Student 368643 was loged in the system!
2022-10-29 14:40:56,156 : Student 368643 was loged in the system!
2022-10-29 15:04:40,149 : Student 368643 was loged in the system!
2022-10-29 15:30:11,646 : Student 368643 was loged out the system!
2022-10-29 15:31:14,315 : Administrator admin was loged in the system!
2022-10-29 15:32:19,269 : Administrator admin was loged out the system!
2022-10-29 15:32:30,592 : Dean 888 was loged in the system!
2022-10-29 15:44:59,232 : Student 368643 was loged in the system!
2022-10-29 15:46:17,515 : Administrator admin was loged in the system!
2022-10-29 15:59:42,391 : Administrator admin was loged in the system!
2022-10-29 16:03:28,257 : Administrator admin was loged out the system!
2022-12-09 11:59:00,944 : Administrator admin was loged in the system!
2022-12-09 11:59:50,391 : Administrator admin was loged out the system!
2022-12-09 12:00:02,819 : Dean dean was loged in the system!
2022-12-09 12:00:46,379 : Dean dean was loged out the system!
2022-12-09 12:27:47,975 : Dean dean was loged in the system!
2022-12-09 12:28:43,186 : Dean dean was loged in the system!
2022-12-09 14:01:55,659 : Dean dean was loged in the system!
2022-12-09 14:05:13,191 : Dean dean was loged in the system!
2022-12-09 14:07:12,702 : Dean dean was loged in the system!
2022-12-09 14:14:58,960 : Dean dean was loged in the system!
2022-12-09 14:19:30,060 : Dean dean was loged in the system!
2022-12-09 14:28:16,850 : Dean dean was loged in the system!
2022-12-09 14:30:46,200 : Dean dean was loged in the system!
2022-12-09 14:43:57,075 : Dean dean was loged in the system!
2022-12-09 14:46:56,445 : Dean dean was loged in the system!
2022-12-09 14:49:24,688 : Dean dean was loged in the system!
2022-12-09 14:51:58,579 : Dean dean was loged in the system!
2022-12-09 14:56:54,230 : Dean dean was loged out the system!
2022-12-09 14:57:04,990 : Administrator admin was loged in the system!
2022-12-09 15:01:18,027 : Administrator admin was loged in the system!
2022-12-09 15:02:16,584 : Administrator admin was loged out the system!
2022-12-09 15:02:23,633 : Dean dean was loged in the system!
2022-12-09 15:05:01,443 : Dean dean was loged in the system!
2022-12-09 18:33:02,700 : Dean dean was loged in the system!
2022-12-09 19:16:37,918 : Dean dean was loged in the system!
2022-12-09 19:19:58,486 : Dean dean was loged in the system!
2022-12-09 19:37:36,582 : Dean dean was loged out the system!
2022-12-09 19:37:46,693 : Student 368643 was loged in the system!
2022-12-09 19:45:22,926 : Student 368643 was loged out the system!
2023-01-04 12:18:33,446 : Dean dean was loged in the system!
2023-01-04 14:39:37,087 : Dean dean was loged in the system!
2023-01-05 15:34:39,814 : Dean dean was loged in the system!
2023-01-15 16:45:25,552 : Administrator admin was loged in the system!
2023-01-15 16:46:20,435 : Administrator admin was loged out the system!
2023-01-15 16:46:30,689 : Head_of_department 777 was loged in the system!
2023-01-15 17:15:18,172 : Head_of_department 777 was loged in the system!
2023-01-15 17:26:50,690 : Head_of_department 777 was loged out the system!
2023-01-15 17:27:00,225 : Administrator admin was loged in the system!
2023-01-15 17:27:31,332 : Administrator admin was loged out the system!
2023-01-15 17:27:41,107 : Head_of_department* 111 was loged in the system!
2023-01-15 17:30:45,129 : Head_of_department* 111 was loged in the system!
2023-01-15 17:30:48,708 : Head_of_department* 111 was loged out the system!
2023-01-15 17:43:25,195 : Head_of_department* 111 was loged in the system!
2023-01-15 17:43:45,951 : Head_of_department* 111 was loged in the system!
2023-01-15 17:43:55,804 : Head_of_department* 111 was loged out the system!
2023-01-15 17:44:04,550 : Head_of_department 777 was loged in the system!
2023-02-01 15:44:47,410 : Head_of_department* 111 was loged in the system!
2023-02-01 15:45:34,719 : Head_of_department* 111 was loged out the system!
2023-02-01 15:45:43,804 : Dean 888 was loged in the system!
2023-02-01 15:45:49,316 : Dean 888 was loged out the system!
2023-02-01 15:45:56,272 : Head_of_department 777 was loged in the system!
2023-02-01 15:54:35,741 : Head_of_department 777 was loged in the system!
2023-02-01 16:09:54,018 : Head_of_department 777 was loged in the system!
2023-02-01 17:01:30,491 : Head_of_department 777 was loged in the system!
2023-02-01 19:09:42,182 : Head_of_department 777 was loged in the system!
2023-02-01 19:11:35,265 : Head_of_department 777 was loged in the system!
2023-02-02 17:03:43,430 : Head_of_department 777 was loged in the system!
2023-02-02 17:23:09,884 : Head_of_department 777 was loged in the system!
2023-02-03 17:06:36,273 : admin admin was loged in the system!
2023-02-15 10:20:32,807 : admin admin was loged in the system!
2023-02-15 10:26:13,633 : admin admin was loged in the system!
2023-02-15 10:27:17,857 : admin admin was loged in the system!
2023-02-15 10:42:14,140 : admin admin was loged in the system!
2023-02-15 15:40:49,466 : admin admin was loged in the system!
2023-02-15 16:22:37,932 : admin admin was loged in the system!
2023-02-15 16:23:45,319 : admin admin was loged in the system!
2023-02-15 16:35:16,685 : admin admin was loged in the system!
2023-02-15 16:38:35,705 : admin admin was loged in the system!
2023-02-15 16:42:04,806 : admin admin was loged in the system!
2023-02-15 16:46:48,458 : admin admin was loged in the system!
2023-02-15 21:48:06,104 : admin admin was loged in the system!
2023-02-15 22:09:05,043 : admin admin was loged in the system!
2023-02-15 22:09:50,389 : Administrator admin was loged out the system!
2023-02-15 22:10:09,091 : admin admin was loged in the system!
2023-02-15 22:14:57,630 : Administrator admin was loged out the system!
2023-02-15 22:49:19,922 : admin admin was loged in the system!
2023-02-15 22:49:58,323 : Administrator admin was loged out the system!
2023-02-15 22:50:23,598 : admin admin was loged in the system!
2023-02-15 22:50:43,362 : Administrator admin was loged out the system!
2023-03-09 12:56:43,447 : admin admin was loged in the system!
2023-03-09 13:02:29,683 : admin admin was loged in the system!
2023-03-09 13:09:25,345 : admin admin was loged in the system!
2023-03-09 13:11:08,451 : admin admin was loged in the system!
2023-03-09 13:13:50,380 : admin admin was loged in the system!
2023-03-09 13:17:39,439 : admin admin was loged in the system!
2023-03-09 13:19:37,327 : admin admin was loged in the system!
2023-03-09 13:20:51,857 : student 368643 was loged in the system!
2023-03-09 13:22:04,674 : Student 368643 was loged out the system!
2023-03-09 13:23:26,357 : admin admin was loged in the system!
2023-03-09 13:25:51,071 : admin admin was loged in the system!
2023-03-09 13:26:28,468 : admin admin was loged in the system!
2023-03-09 13:26:35,027 : Administrator admin was loged out the system!
2023-03-09 13:26:42,821 : student 368643 was loged in the system!
2023-03-09 13:26:45,731 : Student 368643 was loged out the system!
2023-03-09 13:27:59,892 : admin admin was loged in the system!
2023-03-09 13:28:08,110 : Administrator admin was loged out the system!
2023-03-09 13:28:30,760 : admin admin was loged in the system!
2023-03-09 13:50:38,438 : admin admin was loged in the system!
2023-03-09 13:58:39,737 : admin admin was loged in the system!
2023-03-09 14:08:12,516 : Administrator admin was loged out the system!
2023-03-09 14:11:16,990 : admin admin was loged in the system!
2023-03-09 14:13:11,689 : Administrator admin was loged out the system!
2023-03-09 15:05:36,405 : admin admin was loged in the system!
2023-03-09 15:05:56,334 : Administrator admin was loged out the system!
2023-03-09 15:06:03,209 : head_of_department 1 was loged in the system!
2023-03-09 15:08:08,670 : head_of_department 1 was loged in the system!
2023-03-09 15:09:38,486 : head_of_department 1 was loged in the system!
2023-03-10 10:58:17,542 : head_of_department 1 was loged in the system!
2023-03-10 11:00:21,895 : head_of_department 1 was loged in the system!
2023-03-10 11:03:40,688 : head_of_department 1 was loged in the system!
2023-03-10 11:44:51,148 : head_of_department 1 was loged in the system!
2023-03-10 11:55:09,075 : Head_of_department 1 was loged out the system!
2023-03-10 12:18:50,267 : admin admin was loged in the system!
2023-03-10 12:24:25,986 : Administrator admin was loged out the system!
2023-03-10 12:24:46,626 : head_of_department 1 was loged in the system!
2023-06-02 11:03:21,118 : head_of_department 1 was loged in the system!
2023-06-02 11:27:03,726 : Head_of_department 1 was loged out the system!
2023-06-02 11:27:12,278 : admin admin was loged in the system!
2023-06-02 11:31:27,406 : Administrator admin was loged out the system!
2023-06-02 11:42:23,025 : head_of_department 1 was loged in the system!
